[35m[Appium][39m Welcome to Appium v1.22.1
[35m[Appium][39m Non-default server args:
[35m[Appium][39m   port: 62830
[35m[Appium][39m   loglevel: info
[35m[Appium][39m   tmpDir: C:\Users\ELITEB~1\AppData\Local\Temp\\Katalon\Appium\Temp1638360980146
[35m[Appium][39m   chromedriverPort: 62831
[35m[Appium][39m Deprecated server args:
[35m[Appium][39m   [31m--chromedriver-port[39m => --default-capabilities
[35m[Appium][39m Default capabilities, which will be added to each request unless overridden by desired capabilities:
[35m[Appium][39m   chromedriverPort: 62831
[35m[Appium][39m Appium REST http interface listener started on 0.0.0.0:62830
[35m[HTTP][39m [37m-->[39m [37mGET[39m [37m/wd/hub/status[39m
[35m[HTTP][39m [90m{}[39m
[35m[HTTP][39m [37m<-- GET /wd/hub/status [39m[32m200[39m [90m7 ms - 68[39m
[35m[HTTP][39m [90m[39m
[35m[HTTP][39m [37m-->[39m [37mGET[39m [37m/wd/hub/status[39m
[35m[HTTP][39m [90m{}[39m
[35m[HTTP][39m [37m<-- GET /wd/hub/status [39m[32m200[39m [90m2 ms - 68[39m
[35m[HTTP][39m [90m[39m
[35m[HTTP][39m [37m-->[39m [37mPOST[39m [37m/wd/hub/session[39m
[35m[HTTP][39m [90m{"desiredCapabilities":{"app":"C:\\Users\\Elitebook 840\\Downloads\\Langit Musik_v5.11.0_apkpure.com.apk","noReset":true,"deviceName":"Xiaomi POCOPHONE F1 (Android 10)","fullReset":false,"platform":"ANDROID","newCommandTimeout":1800,"platformVersion":"10","automationName":"uiautomator2","autoGrantPermissions":true,"platformName":"Android","udid":"d01f10e9","systemPort":62836},"capabilities":{"firstMatch":[{"appium:app":"C:\\Users\\Elitebook 840\\Downloads\\Langit Musik_v5.11.0_apkpure.com.apk","appium:autoGrantPermissions":true,"appium:automationName":"uiautomator2","appium:deviceName":"Xiaomi POCOPHONE F1 (Android 10)","appium:fullReset":false,"appium:newCommandTimeout":1800,"appium:noReset":true,"platform":"ANDROID","platformName":"android","appium:platformVersion":"10","appium:systemPort":62836,"appium:udid":"d01f10e9"}]}}[39m
[35m[BaseDriver][39m The following capabilities are not standard capabilities and should have an extension prefix:
[35m[BaseDriver][39m   platform
[35m[BaseDriver][39m   chromedriverPort
[35m[Appium][39m Appium v1.22.1 creating new AndroidUiautomator2Driver (v1.70.1) session
[35m[BaseDriver][39m The following capabilities were provided, but are not recognized by Appium:
[35m[BaseDriver][39m   platform
[35m[BaseDriver][39m Session created with session id: b4a38c0b-044e-43d3-9690-828d1f9dbb51
[35m[BaseDriver][39m Using local app 'C:\Users\Elitebook 840\Downloads\Langit Musik_v5.11.0_apkpure.com.apk'
[35m[ADB][39m Found 1 'build-tools' folders under 'C:\Users\Elitebook 840\.katalon\tools\android_sdk' (newest first):
[35m[ADB][39m     C:/Users/Elitebook 840/.katalon/tools/android_sdk/build-tools/29.0.3
[35m[ADB][39m Using 'adb.exe' from 'C:\Users\Elitebook 840\.katalon\tools\android_sdk\platform-tools\adb.exe'
[35m[AndroidDriver][39m Retrieving device list
[35m[AndroidDriver][39m Using device: d01f10e9
[35m[ADB][39m Using 'adb.exe' from 'C:\Users\Elitebook 840\.katalon\tools\android_sdk\platform-tools\adb.exe'
[35m[ADB][39m Getting device platform version
[35m[UiAutomator2][39m Relaxing hidden api policy
[35m[ADB][39m Package name: 'com.melon.langitmusik'
[35m[ADB][39m Main activity name: 'com.langit.musik.ui.SplashActivity'
[35m[ADB][39m Using 'apksigner.jar' from 'C:\Users\Elitebook 840\.katalon\tools\android_sdk\build-tools\29.0.3\lib\apksigner.jar'
[35m[ADB][39m 'C:\Users\Elitebook 840\AppData\Roaming\npm\node_modules\appium\node_modules\appium-uiautomator2-server\apks\appium-uiautomator2-server-v4.27.0.apk' is signed with the default certificate
[35m[ADB][39m 'C:\Users\Elitebook 840\AppData\Roaming\npm\node_modules\appium\node_modules\appium-uiautomator2-server\apks\appium-uiautomator2-server-debug-androidTest.apk' is signed with the default certificate
[35m[UiAutomator2][39m Server packages are not going to be (re)installed
[35m[ADB][39m Adding packages ["io.appium.settings","io.appium.uiautomator2.server","io.appium.uiautomator2.server.test"] to Doze whitelist
[35m[ADB][39m 'C:\Users\Elitebook 840\Downloads\Langit Musik_v5.11.0_apkpure.com.apk' is signed with a non-default certificate
[35m[UiAutomator2][39m Starting UIAutomator2 server 4.27.0
[35m[UiAutomator2][39m Using UIAutomator2 server from 'C:\Users\Elitebook 840\AppData\Roaming\npm\node_modules\appium\node_modules\appium-uiautomator2-server\apks\appium-uiautomator2-server-v4.27.0.apk' and test from 'C:\Users\Elitebook 840\AppData\Roaming\npm\node_modules\appium\node_modules\appium-uiautomator2-server\apks\appium-uiautomator2-server-debug-androidTest.apk'
[35m[UiAutomator2][39m Waiting up to 30000ms for UiAutomator2 to be online...
[35m[WD Proxy][39m socket hang up
[35m[WD Proxy][39m socket hang up
[35m[WD Proxy][39m socket hang up
[35m[WD Proxy][39m Determined the downstream protocol as 'W3C'
[35m[AndroidDriver][39m Screen already unlocked, doing nothing
[35m[UiAutomator2][39m Starting 'com.melon.langitmusik/com.langit.musik.ui.SplashActivity and waiting for 'com.melon.langitmusik/com.langit.musik.ui.SplashActivity'
[35m[Appium][39m New AndroidUiautomator2Driver session created successfully, session b4a38c0b-044e-43d3-9690-828d1f9dbb51 added to master session list
[35m[HTTP][39m [37m<-- POST /wd/hub/session [39m[32m200[39m [90m13597 ms - 1295[39m
[35m[HTTP][39m [90m[39m
[35m[HTTP][39m [37m-->[39m [37mGET[39m [37m/wd/hub/session/b4a38c0b-044e-43d3-9690-828d1f9dbb51[39m
[35m[HTTP][39m [90m{}[39m
[35m[HTTP][39m [37m<-- GET /wd/hub/session/b4a38c0b-044e-43d3-9690-828d1f9dbb51 [39m[32m200[39m [90m13 ms - 1249[39m
[35m[HTTP][39m [90m[39m
[35m[HTTP][39m [37m-->[39m [37mGET[39m [37m/wd/hub/session/b4a38c0b-044e-43d3-9690-828d1f9dbb51[39m
[35m[HTTP][39m [90m{}[39m
[35m[HTTP][39m [37m<-- GET /wd/hub/session/b4a38c0b-044e-43d3-9690-828d1f9dbb51 [39m[32m200[39m [90m17 ms - 1249[39m
[35m[HTTP][39m [90m[39m
[35m[HTTP][39m [37m-->[39m [37mGET[39m [37m/wd/hub/status[39m
[35m[HTTP][39m [90m{}[39m
[35m[HTTP][39m [37m<-- GET /wd/hub/status [39m[32m200[39m [90m1 ms - 68[39m
[35m[HTTP][39m [90m[39m
[35m[HTTP][39m [37m-->[39m [37mPOST[39m [37m/wd/hub/session/b4a38c0b-044e-43d3-9690-828d1f9dbb51/timeouts[39m
[35m[HTTP][39m [90m{"implicit":60000}[39m
[35m[HTTP][39m [37m<-- POST /wd/hub/session/b4a38c0b-044e-43d3-9690-828d1f9dbb51/timeouts [39m[32m200[39m [90m4 ms - 14[39m
[35m[HTTP][39m [90m[39m
[35m[HTTP][39m [37m-->[39m [37mGET[39m [37m/wd/hub/session/b4a38c0b-044e-43d3-9690-828d1f9dbb51/source[39m
[35m[HTTP][39m [90m{}[39m
[35m[W3C (b4a38c0b)][39m Driver proxy active, passing request on via HTTP proxy
[35m[WD Proxy][39m Replacing sessionId 22b189a7-9015-45a2-a92e-9e53d8b8ee47 with b4a38c0b-044e-43d3-9690-828d1f9dbb51
[35m[HTTP][39m [37m<-- GET /wd/hub/session/b4a38c0b-044e-43d3-9690-828d1f9dbb51/source [39m[32m200[39m [90m200 ms - 4549[39m
[35m[HTTP][39m [90m[39m
[35m[HTTP][39m [37m-->[39m [37mGET[39m [37m/wd/hub/session/b4a38c0b-044e-43d3-9690-828d1f9dbb51/screenshot[39m
[35m[HTTP][39m [90m{}[39m
[35m[HTTP][39m [37m<-- GET /wd/hub/session/b4a38c0b-044e-43d3-9690-828d1f9dbb51/screenshot [39m[32m200[39m [90m1210 ms - 1031054[39m
[35m[HTTP][39m [90m[39m
[35m[HTTP][39m [37m-->[39m [37mGET[39m [37m/wd/hub/session/b4a38c0b-044e-43d3-9690-828d1f9dbb51/source[39m
[35m[HTTP][39m [90m{}[39m
[35m[W3C (b4a38c0b)][39m Driver proxy active, passing request on via HTTP proxy
[35m[WD Proxy][39m Replacing sessionId 22b189a7-9015-45a2-a92e-9e53d8b8ee47 with b4a38c0b-044e-43d3-9690-828d1f9dbb51
[35m[HTTP][39m [37m<-- GET /wd/hub/session/b4a38c0b-044e-43d3-9690-828d1f9dbb51/source [39m[32m200[39m [90m75 ms - 4959[39m
[35m[HTTP][39m [90m[39m
[35m[HTTP][39m [37m-->[39m [37mGET[39m [37m/wd/hub/session/b4a38c0b-044e-43d3-9690-828d1f9dbb51/screenshot[39m
[35m[HTTP][39m [90m{}[39m
[35m[HTTP][39m [37m<-- GET /wd/hub/session/b4a38c0b-044e-43d3-9690-828d1f9dbb51/screenshot [39m[32m200[39m [90m1473 ms - 1358378[39m
[35m[HTTP][39m [90m[39m
[35m[HTTP][39m [37m-->[39m [37mGET[39m [37m/wd/hub/session/b4a38c0b-044e-43d3-9690-828d1f9dbb51/source[39m
[35m[HTTP][39m [90m{}[39m
[35m[W3C (b4a38c0b)][39m Driver proxy active, passing request on via HTTP proxy
[35m[WD Proxy][39m Replacing sessionId 22b189a7-9015-45a2-a92e-9e53d8b8ee47 with b4a38c0b-044e-43d3-9690-828d1f9dbb51
[35m[HTTP][39m [37m<-- GET /wd/hub/session/b4a38c0b-044e-43d3-9690-828d1f9dbb51/source [39m[32m200[39m [90m1544 ms - 94640[39m
[35m[HTTP][39m [90m[39m
[35m[HTTP][39m [37m-->[39m [37mGET[39m [37m/wd/hub/session/b4a38c0b-044e-43d3-9690-828d1f9dbb51/screenshot[39m
[35m[HTTP][39m [90m{}[39m
[35m[HTTP][39m [37m<-- GET /wd/hub/session/b4a38c0b-044e-43d3-9690-828d1f9dbb51/screenshot [39m[32m200[39m [90m1072 ms - 961046[39m
[35m[HTTP][39m [90m[39m
[35m[HTTP][39m [37m-->[39m [37mGET[39m [37m/wd/hub/session/b4a38c0b-044e-43d3-9690-828d1f9dbb51/source[39m
[35m[HTTP][39m [90m{}[39m
[35m[W3C (b4a38c0b)][39m Driver proxy active, passing request on via HTTP proxy
[35m[WD Proxy][39m Replacing sessionId 22b189a7-9015-45a2-a92e-9e53d8b8ee47 with b4a38c0b-044e-43d3-9690-828d1f9dbb51
[35m[HTTP][39m [37m<-- GET /wd/hub/session/b4a38c0b-044e-43d3-9690-828d1f9dbb51/source [39m[32m200[39m [90m400 ms - 34281[39m
[35m[HTTP][39m [90m[39m
[35m[HTTP][39m [37m-->[39m [37mGET[39m [37m/wd/hub/session/b4a38c0b-044e-43d3-9690-828d1f9dbb51/screenshot[39m
[35m[HTTP][39m [90m{}[39m
[35m[HTTP][39m [37m<-- GET /wd/hub/session/b4a38c0b-044e-43d3-9690-828d1f9dbb51/screenshot [39m[32m200[39m [90m673 ms - 170292[39m
[35m[HTTP][39m [90m[39m
[35m[HTTP][39m [37m-->[39m [37mPOST[39m [37m/wd/hub/session/b4a38c0b-044e-43d3-9690-828d1f9dbb51/elements[39m
[35m[HTTP][39m [90m{"using":"xpath","value":"//*[@class = 'android.widget.EditText' and (@text = 'Cari lagu, album, dan lainnya ..' or . = 'Cari lagu, album, dan lainnya ..') and @resource-id = 'com.melon.langitmusik:id/edit_text_search']"}[39m
[35m[HTTP][39m [37m<-- POST /wd/hub/session/b4a38c0b-044e-43d3-9690-828d1f9dbb51/elements [39m[32m200[39m [90m757 ms - 139[39m
[35m[HTTP][39m [90m[39m
[35m[HTTP][39m [37m-->[39m [37mPOST[39m [37m/wd/hub/session/b4a38c0b-044e-43d3-9690-828d1f9dbb51/elements[39m
[35m[HTTP][39m [90m{"using":"xpath","value":"//*[@class = 'android.widget.ImageView' and (@text = '' or . = '')]"}[39m
[35m[HTTP][39m [37m<-- POST /wd/hub/session/b4a38c0b-044e-43d3-9690-828d1f9dbb51/elements [39m[32m200[39m [90m206 ms - 1675[39m
[35m[HTTP][39m [90m[39m
[35m[HTTP][39m [37m-->[39m [37mPOST[39m [37m/wd/hub/session/b4a38c0b-044e-43d3-9690-828d1f9dbb51/elements[39m
[35m[HTTP][39m [90m{"using":"-android uiautomator","value":"new UiSelector().className(\"android.widget.ImageView\")"}[39m
[35m[HTTP][39m [37m<-- POST /wd/hub/session/b4a38c0b-044e-43d3-9690-828d1f9dbb51/elements [39m[32m200[39m [90m920 ms - 1675[39m
[35m[HTTP][39m [90m[39m
[35m[HTTP][39m [37m-->[39m [37mPOST[39m [37m/wd/hub/session/b4a38c0b-044e-43d3-9690-828d1f9dbb51/timeouts[39m
[35m[HTTP][39m [90m{"implicit":1000}[39m
[35m[HTTP][39m [37m<-- POST /wd/hub/session/b4a38c0b-044e-43d3-9690-828d1f9dbb51/timeouts [39m[32m200[39m [90m2 ms - 14[39m
[35m[HTTP][39m [90m[39m
[35m[HTTP][39m [37m-->[39m [37mPOST[39m [37m/wd/hub/session/b4a38c0b-044e-43d3-9690-828d1f9dbb51/elements[39m
[35m[HTTP][39m [90m{"using":"xpath","value":"//hierarchy/android.widget.FrameLayout[1]/android.widget.LinearLayout[1]/android.widget.FrameLayout[1]/android.widget.LinearLayout[1]/android.widget.FrameLayout[1]/android.view.ViewGroup[1]/android.widget.FrameLayout[2]/android.widget.LinearLayout[1]/android.widget.LinearLayout[1]/android.view.ViewGroup[1]/android.widget.LinearLayout[1]/android.widget.LinearLayout[1]/android.widget.ImageView[1]"}[39m
[35m[HTTP][39m [37m<-- POST /wd/hub/session/b4a38c0b-044e-43d3-9690-828d1f9dbb51/elements [39m[32m200[39m [90m161 ms - 139[39m
[35m[HTTP][39m [90m[39m
[35m[HTTP][39m [37m-->[39m [37mGET[39m [37m/wd/hub/session/b4a38c0b-044e-43d3-9690-828d1f9dbb51/element/00000000-0000-13e3-ffff-ffff00000f4d/location[39m
[35m[HTTP][39m [90m{}[39m
[35m[W3C (b4a38c0b)][39m Driver proxy active, passing request on via HTTP proxy
[35m[WD Proxy][39m Replacing sessionId 22b189a7-9015-45a2-a92e-9e53d8b8ee47 with b4a38c0b-044e-43d3-9690-828d1f9dbb51
[35m[HTTP][39m [37m<-- GET /wd/hub/session/b4a38c0b-044e-43d3-9690-828d1f9dbb51/element/00000000-0000-13e3-ffff-ffff00000f4d/location [39m[32m200[39m [90m22 ms - 78[39m
[35m[HTTP][39m [90m[39m
[35m[HTTP][39m [37m-->[39m [37mGET[39m [37m/wd/hub/session/b4a38c0b-044e-43d3-9690-828d1f9dbb51/element/00000000-0000-13e3-ffff-ffff00000f4d/size[39m
[35m[HTTP][39m [90m{}[39m
[35m[W3C (b4a38c0b)][39m Driver proxy active, passing request on via HTTP proxy
[35m[WD Proxy][39m Replacing sessionId 22b189a7-9015-45a2-a92e-9e53d8b8ee47 with b4a38c0b-044e-43d3-9690-828d1f9dbb51
[35m[HTTP][39m [37m<-- GET /wd/hub/session/b4a38c0b-044e-43d3-9690-828d1f9dbb51/element/00000000-0000-13e3-ffff-ffff00000f4d/size [39m[32m200[39m [90m29 ms - 85[39m
[35m[HTTP][39m [90m[39m
[35m[HTTP][39m [37m-->[39m [37mDELETE[39m [37m/wd/hub/session/b4a38c0b-044e-43d3-9690-828d1f9dbb51[39m
[35m[HTTP][39m [90m{}[39m
[35m[Appium][39m Removing session b4a38c0b-044e-43d3-9690-828d1f9dbb51 from our master session list
[35m[UiAutomator2][39m Restoring hidden api policy to the device default configuration
[35m[HTTP][39m [37m<-- DELETE /wd/hub/session/b4a38c0b-044e-43d3-9690-828d1f9dbb51 [39m[32m200[39m [90m375 ms - 14[39m
[35m[HTTP][39m [90m[39m
